# JRE version: OpenJDK Runtime Environment Temurin-21.0.9+10 (21.0.9+10) (build 21.0.9+10-LTS)
# Java VM: OpenJDK 64-Bit Server VM Temurin-21.0.9+10 (21.0.9+10-LTS, mixed mode, sharing, tiered, compressed oops, compressed class ptrs, parallel gc, windows-amd64)
GC Precious Log:
 CardTable entry size: 512
 CPUs: 16 total, 16 available
 Memory: 15791M
 Large Page Support: Disabled
 NUMA Support: Disabled
 Compressed Oops: Enabled (32-bit)
 Alignments: Space 512K, Generation 512K, Heap 2M
 Heap Min Capacity: 100M
 Heap Initial Capacity: 100M
 Heap Max Capacity: 2G
 Pre-touch: Disabled
 Parallel Workers: 13
Heap:
 PSYoungGen      total 3584K, used 1934K [0x00000000d5580000, 0x00000000d5b80000, 0x0000000100000000)
  eden space 2560K, 48% used [0x00000000d5580000,0x00000000d56b3a20,0x00000000d5800000)
  from space 1024K, 68% used [0x00000000d5800000,0x00000000d58b0000,0x00000000d5900000)
  to   space 1536K, 0% used [0x00000000d5a00000,0x00000000d5a00000,0x00000000d5b80000)
 ParOldGen       total 1015296K, used 1014944K [0x0000000080000000, 0x00000000bdf80000, 0x00000000d5580000)
  object space 1015296K, 99% used [0x0000000080000000,0x00000000bdf28348,0x00000000bdf80000)
 Metaspace       used 88894K, committed 90752K, reserved 1179648K
  class space    used 8792K, committed 9664K, reserved 1048576K
GC Heap History (20 events):
Event: 4178.934 GC heap before
{Heap before GC invocations=3013 (full 8):
 PSYoungGen      total 4096K, used 2816K [0x00000000d5580000, 0x00000000d5d00000, 0x0000000100000000)
  eden space 2048K, 100% used [0x00000000d5580000,0x00000000d5780000,0x00000000d5780000)
  from space 2048K, 37% used [0x00000000d5a00000,0x00000000d5ac0000,0x00000000d5c00000)
  to   space 1024K, 0% used [0x00000000d5c00000,0x00000000d5c00000,0x00000000d5d00000)
 ParOldGen       total 1006592K, used 1006487K [0x0000000080000000, 0x00000000bd700000, 0x00000000d5580000)
  object space 1006592K, 99% used [0x0000000080000000,0x00000000bd6e5e80,0x00000000bd700000)
 Metaspace       used 88869K, committed 90752K, reserved 1179648K
  class space    used 8792K, committed 9664K, reserved 1048576K
}
Event: 4178.939 GC heap after
{Heap after GC invocations=3013 (full 8):
 PSYoungGen      total 3584K, used 832K [0x00000000d5580000, 0x00000000d5d00000, 0x0000000100000000)
  eden space 2560K, 0% used [0x00000000d5580000,0x00000000d5580000,0x00000000d5800000)
  from space 1024K, 81% used [0x00000000d5c00000,0x00000000d5cd0000,0x00000000d5d00000)
  to   space 1024K, 0% used [0x00000000d5b00000,0x00000000d5b00000,0x00000000d5c00000)
 ParOldGen       total 1007104K, used 1007015K [0x0000000080000000, 0x00000000bd780000, 0x00000000d5580000)
  object space 1007104K, 99% used [0x0000000080000000,0x00000000bd769e80,0x00000000bd780000)
 Metaspace       used 88869K, committed 90752K, reserved 1179648K
  class space    used 8792K, committed 9664K, reserved 1048576K
}
Event: 4261.195 GC heap before
{Heap before GC invocations=3014 (full 8):
 PSYoungGen      total 3584K, used 3391K [0x00000000d5580000, 0x00000000d5d00000, 0x0000000100000000)
  eden space 2560K, 99% used [0x00000000d5580000,0x00000000d57ffec0,0x00000000d5800000)
  from space 1024K, 81% used [0x00000000d5c00000,0x00000000d5cd0000,0x00000000d5d00000)
  to   space 1024K, 0% used [0x00000000d5b00000,0x00000000d5b00000,0x00000000d5c00000)
 ParOldGen       total 1007104K, used 1007015K [0x0000000080000000, 0x00000000bd780000, 0x00000000d5580000)
  object space 1007104K, 99% used [0x0000000080000000,0x00000000bd769e80,0x00000000bd780000)
 Metaspace       used 88886K, committed 90752K, reserved 1179648K
  class space    used 8792K, committed 9664K, reserved 1048576K
}
Event: 4261.198 GC heap after
{Heap after GC invocations=3014 (full 8):
 PSYoungGen      total 3584K, used 352K [0x00000000d5580000, 0x00000000d5c80000, 0x0000000100000000)
  eden space 3072K, 0% used [0x00000000d5580000,0x00000000d5580000,0x00000000d5880000)
  from space 512K, 68% used [0x00000000d5b00000,0x00000000d5b58000,0x00000000d5b80000)
  to   space 1024K, 0% used [0x00000000d5b80000,0x00000000d5b80000,0x00000000d5c80000)
 ParOldGen       total 1008128K, used 1007631K [0x0000000080000000, 0x00000000bd880000, 0x00000000d5580000)
  object space 1008128K, 99% used [0x0000000080000000,0x00000000bd803e80,0x00000000bd880000)
 Metaspace       used 88886K, committed 90752K, reserved 1179648K
  class space    used 8792K, committed 9664K, reserved 1048576K
}
Event: 4261.212 GC heap before
{Heap before GC invocations=3015 (full 8):
 PSYoungGen      total 3584K, used 3424K [0x00000000d5580000, 0x00000000d5c80000, 0x0000000100000000)
  eden space 3072K, 100% used [0x00000000d5580000,0x00000000d5880000,0x00000000d5880000)
  from space 512K, 68% used [0x00000000d5b00000,0x00000000d5b58000,0x00000000d5b80000)
  to   space 1024K, 0% used [0x00000000d5b80000,0x00000000d5b80000,0x00000000d5c80000)
 ParOldGen       total 1008128K, used 1007631K [0x0000000080000000, 0x00000000bd880000, 0x00000000d5580000)
  object space 1008128K, 99% used [0x0000000080000000,0x00000000bd803e80,0x00000000bd880000)
 Metaspace       used 88888K, committed 90752K, reserved 1179648K
  class space    used 8792K, committed 9664K, reserved 1048576K
}
Event: 4261.215 GC heap after
{Heap after GC invocations=3015 (full 8):
 PSYoungGen      total 5120K, used 788K [0x00000000d5580000, 0x00000000d5c80000, 0x0000000100000000)
  eden space 4096K, 0% used [0x00000000d5580000,0x00000000d5580000,0x00000000d5980000)
  from space 1024K, 77% used [0x00000000d5b80000,0x00000000d5c45200,0x00000000d5c80000)
  to   space 1024K, 0% used [0x00000000d5a80000,0x00000000d5a80000,0x00000000d5b80000)
 ParOldGen       total 1008128K, used 1007743K [0x0000000080000000, 0x00000000bd880000, 0x00000000d5580000)
  object space 1008128K, 99% used [0x0000000080000000,0x00000000bd81fe80,0x00000000bd880000)
 Metaspace       used 88888K, committed 90752K, reserved 1179648K
  class space    used 8792K, committed 9664K, reserved 1048576K
}
Event: 4261.226 GC heap before
{Heap before GC invocations=3016 (full 8):
 PSYoungGen      total 5120K, used 4884K [0x00000000d5580000, 0x00000000d5c80000, 0x0000000100000000)
  eden space 4096K, 100% used [0x00000000d5580000,0x00000000d5980000,0x00000000d5980000)
  from space 1024K, 77% used [0x00000000d5b80000,0x00000000d5c45200,0x00000000d5c80000)
  to   space 1024K, 0% used [0x00000000d5a80000,0x00000000d5a80000,0x00000000d5b80000)
 ParOldGen       total 1008128K, used 1007743K [0x0000000080000000, 0x00000000bd880000, 0x00000000d5580000)
  object space 1008128K, 99% used [0x0000000080000000,0x00000000bd81fe80,0x00000000bd880000)
 Metaspace       used 88888K, committed 90752K, reserved 1179648K
  class space    used 8792K, committed 9664K, reserved 1048576K
}
Event: 4261.230 GC heap after
{Heap after GC invocations=3016 (full 8):
 PSYoungGen      total 6144K, used 1004K [0x00000000d5580000, 0x00000000d5f80000, 0x0000000100000000)
  eden space 5120K, 0% used [0x00000000d5580000,0x00000000d5580000,0x00000000d5a80000)
  from space 1024K, 98% used [0x00000000d5a80000,0x00000000d5b7b010,0x00000000d5b80000)
  to   space 2560K, 0% used [0x00000000d5d00000,0x00000000d5d00000,0x00000000d5f80000)
 ParOldGen       total 1009152K, used 1008871K [0x0000000080000000, 0x00000000bd980000, 0x00000000d5580000)
  object space 1009152K, 99% used [0x0000000080000000,0x00000000bd939d90,0x00000000bd980000)
 Metaspace       used 88888K, committed 90752K, reserved 1179648K
  class space    used 8792K, committed 9664K, reserved 1048576K
}
Event: 4261.244 GC heap before
{Heap before GC invocations=3017 (full 8):
 PSYoungGen      total 6144K, used 6124K [0x00000000d5580000, 0x00000000d5f80000, 0x0000000100000000)
  eden space 5120K, 100% used [0x00000000d5580000,0x00000000d5a80000,0x00000000d5a80000)
  from space 1024K, 98% used [0x00000000d5a80000,0x00000000d5b7b010,0x00000000d5b80000)
  to   space 2560K, 0% used [0x00000000d5d00000,0x00000000d5d00000,0x00000000d5f80000)
 ParOldGen       total 1009152K, used 1008871K [0x0000000080000000, 0x00000000bd980000, 0x00000000d5580000)
  object space 1009152K, 99% used [0x0000000080000000,0x00000000bd939d90,0x00000000bd980000)
 Metaspace       used 88888K, committed 90752K, reserved 1179648K
  class space    used 8792K, committed 9664K, reserved 1048576K
}
Event: 4261.247 GC heap after
{Heap after GC invocations=3017 (full 8):
 PSYoungGen      total 7680K, used 2444K [0x00000000d5580000, 0x00000000d6080000, 0x0000000100000000)
  eden space 5120K, 0% used [0x00000000d5580000,0x00000000d5580000,0x00000000d5a80000)
  from space 2560K, 95% used [0x00000000d5d00000,0x00000000d5f63010,0x00000000d5f80000)
  to   space 2560K, 0% used [0x00000000d5a80000,0x00000000d5a80000,0x00000000d5d00000)
 ParOldGen       total 1009152K, used 1009074K [0x0000000080000000, 0x00000000bd980000, 0x00000000d5580000)
  object space 1009152K, 99% used [0x0000000080000000,0x00000000bd96cb18,0x00000000bd980000)
 Metaspace       used 88888K, committed 90752K, reserved 1179648K
  class space    used 8792K, committed 9664K, reserved 1048576K
}
Event: 4261.263 GC heap before
{Heap before GC invocations=3018 (full 8):
 PSYoungGen      total 7680K, used 7564K [0x00000000d5580000, 0x00000000d6080000, 0x0000000100000000)
  eden space 5120K, 100% used [0x00000000d5580000,0x00000000d5a80000,0x00000000d5a80000)
  from space 2560K, 95% used [0x00000000d5d00000,0x00000000d5f63010,0x00000000d5f80000)
  to   space 2560K, 0% used [0x00000000d5a80000,0x00000000d5a80000,0x00000000d5d00000)
 ParOldGen       total 1009152K, used 1009074K [0x0000000080000000, 0x00000000bd980000, 0x00000000d5580000)
  object space 1009152K, 99% used [0x0000000080000000,0x00000000bd96cb18,0x00000000bd980000)
 Metaspace       used 88888K, committed 90752K, reserved 1179648K
  class space    used 8792K, committed 9664K, reserved 1048576K
}
Event: 4261.266 GC heap after
{Heap after GC invocations=3018 (full 8):
 PSYoungGen      total 6144K, used 762K [0x00000000d5580000, 0x00000000d5d80000, 0x0000000100000000)
  eden space 5120K, 0% used [0x00000000d5580000,0x00000000d5580000,0x00000000d5a80000)
  from space 1024K, 74% used [0x00000000d5a80000,0x00000000d5b3e900,0x00000000d5b80000)
  to   space 1536K, 0% used [0x00000000d5c00000,0x00000000d5c00000,0x00000000d5d80000)
 ParOldGen       total 1009152K, used 1009098K [0x0000000080000000, 0x00000000bd980000, 0x00000000d5580000)
  object space 1009152K, 99% used [0x0000000080000000,0x00000000bd972b18,0x00000000bd980000)
 Metaspace       used 88888K, committed 90752K, reserved 1179648K
  class space    used 8792K, committed 9664K, reserved 1048576K
}
Event: 4261.281 GC heap before
{Heap before GC invocations=3019 (full 8):
 PSYoungGen      total 6144K, used 5882K [0x00000000d5580000, 0x00000000d5d80000, 0x0000000100000000)
  eden space 5120K, 100% used [0x00000000d5580000,0x00000000d5a80000,0x00000000d5a80000)
  from space 1024K, 74% used [0x00000000d5a80000,0x00000000d5b3e900,0x00000000d5b80000)
  to   space 1536K, 0% used [0x00000000d5c00000,0x00000000d5c00000,0x00000000d5d80000)
 ParOldGen       total 1009152K, used 1009098K [0x0000000080000000, 0x00000000bd980000, 0x00000000d5580000)
  object space 1009152K, 99% used [0x0000000080000000,0x00000000bd972b18,0x00000000bd980000)
 Metaspace       used 88888K, committed 90752K, reserved 1179648K
  class space    used 8792K, committed 9664K, reserved 1048576K
}
Event: 4261.286 GC heap after
{Heap after GC invocations=3019 (full 8):
 PSYoungGen      total 3584K, used 1516K [0x00000000d5580000, 0x00000000d6380000, 0x0000000100000000)
  eden space 2048K, 0% used [0x00000000d5580000,0x00000000d5580000,0x00000000d5780000)
  from space 1536K, 98% used [0x00000000d5c00000,0x00000000d5d7b010,0x00000000d5d80000)
  to   space 4608K, 0% used [0x00000000d5780000,0x00000000d5780000,0x00000000d5c00000)
 ParOldGen       total 1011712K, used 1011521K [0x0000000080000000, 0x00000000bdc00000, 0x00000000d5580000)
  object space 1011712K, 99% used [0x0000000080000000,0x00000000bdbd05b0,0x00000000bdc00000)
 Metaspace       used 88888K, committed 90752K, reserved 1179648K
  class space    used 8792K, committed 9664K, reserved 1048576K
}
Event: 4261.292 GC heap before
{Heap before GC invocations=3020 (full 8):
 PSYoungGen      total 3584K, used 3563K [0x00000000d5580000, 0x00000000d6380000, 0x0000000100000000)
  eden space 2048K, 99% used [0x00000000d5580000,0x00000000d577ffb0,0x00000000d5780000)
  from space 1536K, 98% used [0x00000000d5c00000,0x00000000d5d7b010,0x00000000d5d80000)
  to   space 4608K, 0% used [0x00000000d5780000,0x00000000d5780000,0x00000000d5c00000)
 ParOldGen       total 1011712K, used 1011521K [0x0000000080000000, 0x00000000bdc00000, 0x00000000d5580000)
  object space 1011712K, 99% used [0x0000000080000000,0x00000000bdbd05b0,0x00000000bdc00000)
 Metaspace       used 88888K, committed 90752K, reserved 1179648K
  class space    used 8792K, committed 9664K, reserved 1048576K
}
Event: 4261.296 GC heap after
{Heap after GC invocations=3020 (full 8):
 PSYoungGen      total 3584K, used 1260K [0x00000000d5580000, 0x00000000d5d00000, 0x0000000100000000)
  eden space 2048K, 0% used [0x00000000d5580000,0x00000000d5580000,0x00000000d5780000)
  from space 1536K, 82% used [0x00000000d5780000,0x00000000d58bb010,0x00000000d5900000)
  to   space 2560K, 0% used [0x00000000d5a80000,0x00000000d5a80000,0x00000000d5d00000)
 ParOldGen       total 1011712K, used 1011676K [0x0000000080000000, 0x00000000bdc00000, 0x00000000d5580000)
  object space 1011712K, 99% used [0x0000000080000000,0x00000000bdbf7338,0x00000000bdc00000)
 Metaspace       used 88888K, committed 90752K, reserved 1179648K
  class space    used 8792K, committed 9664K, reserved 1048576K
}
Event: 4261.299 GC heap before
{Heap before GC invocations=3021 (full 8):
 PSYoungGen      total 3584K, used 3308K [0x00000000d5580000, 0x00000000d5d00000, 0x0000000100000000)
  eden space 2048K, 100% used [0x00000000d5580000,0x00000000d5780000,0x00000000d5780000)
  from space 1536K, 82% used [0x00000000d5780000,0x00000000d58bb010,0x00000000d5900000)
  to   space 2560K, 0% used [0x00000000d5a80000,0x00000000d5a80000,0x00000000d5d00000)
 ParOldGen       total 1011712K, used 1011676K [0x0000000080000000, 0x00000000bdc00000, 0x00000000d5580000)
  object space 1011712K, 99% used [0x0000000080000000,0x00000000bdbf7338,0x00000000bdc00000)
 Metaspace       used 88888K, committed 90752K, reserved 1179648K
  class space    used 8792K, committed 9664K, reserved 1048576K
}
Event: 4261.303 GC heap after
{Heap after GC invocations=3021 (full 8):
 PSYoungGen      total 5120K, used 2208K [0x00000000d5580000, 0x00000000d5d00000, 0x0000000100000000)
  eden space 2560K, 0% used [0x00000000d5580000,0x00000000d5580000,0x00000000d5800000)
  from space 2560K, 86% used [0x00000000d5a80000,0x00000000d5ca8000,0x00000000d5d00000)
  to   space 2560K, 0% used [0x00000000d5800000,0x00000000d5800000,0x00000000d5a80000)
 ParOldGen       total 1013248K, used 1012872K [0x0000000080000000, 0x00000000bdd80000, 0x00000000d5580000)
  object space 1013248K, 99% used [0x0000000080000000,0x00000000bdd22348,0x00000000bdd80000)
 Metaspace       used 88888K, committed 90752K, reserved 1179648K
  class space    used 8792K, committed 9664K, reserved 1048576K
}
Event: 4992.294 GC heap before
{Heap before GC invocations=3022 (full 8):
 PSYoungGen      total 5120K, used 4768K [0x00000000d5580000, 0x00000000d5d00000, 0x0000000100000000)
  eden space 2560K, 100% used [0x00000000d5580000,0x00000000d5800000,0x00000000d5800000)
  from space 2560K, 86% used [0x00000000d5a80000,0x00000000d5ca8000,0x00000000d5d00000)
  to   space 2560K, 0% used [0x00000000d5800000,0x00000000d5800000,0x00000000d5a80000)
 ParOldGen       total 1013248K, used 1012872K [0x0000000080000000, 0x00000000bdd80000, 0x00000000d5580000)
  object space 1013248K, 99% used [0x0000000080000000,0x00000000bdd22348,0x00000000bdd80000)
 Metaspace       used 88889K, committed 90752K, reserved 1179648K
  class space    used 8792K, committed 9664K, reserved 1048576K
}
Event: 4992.302 GC heap after
{Heap after GC invocations=3022 (full 8):
 PSYoungGen      total 3584K, used 704K [0x00000000d5580000, 0x00000000d5b80000, 0x0000000100000000)
  eden space 2560K, 0% used [0x00000000d5580000,0x00000000d5580000,0x00000000d5800000)
  from space 1024K, 68% used [0x00000000d5800000,0x00000000d58b0000,0x00000000d5900000)
  to   space 1536K, 0% used [0x00000000d5a00000,0x00000000d5a00000,0x00000000d5b80000)
 ParOldGen       total 1015296K, used 1014944K [0x0000000080000000, 0x00000000bdf80000, 0x00000000d5580000)
  object space 1015296K, 99% used [0x0000000080000000,0x00000000bdf28348,0x00000000bdf80000)
 Metaspace       used 88889K, committed 90752K, reserved 1179648K
  class space    used 8792K, committed 9664K, reserved 1048576K
}

